<?xml version="1.0" encoding="UTF-8"?>
<!DOCTYPE suite SYSTEM "https://testng.org/testng-1.0.dtd">
<suite name="Run tests">
    <test name="verify data">
        <parameter name="searchTerm" value="Google Cloud Platform Pricing Calculator"/>
        <parameter name="numberOfInstances" value="4"/>
        <parameter name="operatingSystemSoftware" value="free"/>
        <parameter name="provisioningModel" value="Spot"/>
        <parameter name="machineType" value="CP-COMPUTEENGINE-VMIMAGE-N1-STANDARD-8"/>
        <parameter name="gpuType" value="NVIDIA_TESLA_P100"/>
        <parameter name="numberOfGPU" value="1"/>
        <parameter name="localSSD" value="3x375"/>
        <parameter name="datacenterLocation" value="europe-west3"/>
        <parameter name="datacenterLocationExpected" value="Frankfurt"/>
        <parameter name="machineTypeExpected" value="n1-standard-8"/>
        <parameter name="totalPriceExpected" value="1,745.12"/>
        <classes>
            <class name="com.epam.webdriver.aleksandrgostev.test.CloudGoogleHomePageTest"/>
        </classes>
    </test>
</suite>